#
# A fatal error has been detected by the Java Runtime Environment:
#
#  EXCEPTION_ACCESS_VIOLATION (0xc0000005) at pc=0x00007ffbf740c8e8, pid=5552, tid=5336
#
# JRE version: OpenJDK Runtime Environment Temurin-17.0.5+8 (17.0.5+8) (build 17.0.5+8)
# Java VM: OpenJDK 64-Bit Server VM Temurin-17.0.5+8 (17.0.5+8, mixed mode, tiered, compressed oops, compressed class ptrs, parallel gc, windows-amd64)
# Problematic frame:
# V  [jvm.dll+0xc8e8]
#
# No core dump will be written. Minidumps are not enabled by default on client versions of Windows
#
# If you would like to submit a bug report, please visit:
#   https://github.com/adoptium/adoptium-support/issues
#

---------------  S U M M A R Y ------------

Command Line: --add-modules=ALL-SYSTEM --add-opens=java.base/java.util=ALL-UNNAMED --add-opens=java.base/java.lang=ALL-UNNAMED --add-opens=java.base/sun.nio.fs=ALL-UNNAMED -Declipse.application=org.eclipse.jdt.ls.core.id1 -Dosgi.bundles.defaultStartLevel=4 -Declipse.product=org.eclipse.jdt.ls.core.product -Djava.import.generatesMetadataFilesAtProjectRoot=false -Dfile.encoding=utf8 -XX:+UseParallelGC -XX:GCTimeRatio=4 -XX:AdaptiveSizePolicyWeight=90 -Dsun.zip.disableMemoryMapping=true -Xmx1G -Xms100m -Xlog:disable -javaagent:c:\Users\Kap\.vscode\extensions\redhat.java-1.14.0-win32-x64\lombok\lombok-1.18.24.jar -XX:+HeapDumpOnOutOfMemoryError -XX:HeapDumpPath=c:\Users\Kap\AppData\Roaming\Code\User\workspaceStorage\d95f60e5c25430f075c098fb07d626bd\redhat.java c:\Users\Kap\.vscode\extensions\redhat.java-1.14.0-win32-x64\server\plugins\org.eclipse.equinox.launcher_1.6.400.v20210924-0641.jar -configuration c:\Users\Kap\AppData\Roaming\Code\User\globalStorage\redhat.java\1.14.0\config_win -data c:\Users\Kap\AppData\Roaming\Code\User\workspaceStorage\d95f60e5c25430f075c098fb07d626bd\redhat.java\jdt_ws

Host: Intel(R) Core(TM) i5-4210U CPU @ 1.70GHz, 4 cores, 7G,  Windows 10 , 64 bit Build 19041 (10.0.19041.2364)
Time: Wed Feb  8 08:15:31 2023 Central Europe Standard Time elapsed time: 72731.553767 seconds (0d 20h 12m 11s)

---------------  T H R E A D  ---------------

Current thread (0x00000000197b9a00):  GCTaskThread "GC Thread#2" [stack: 0x000000001b510000,0x000000001b610000] [id=5336]

Stack: [0x000000001b510000,0x000000001b610000],  sp=0x000000001b60fb38,  free space=1022k
Native frames: (J=compiled Java code, j=interpreted, Vv=VM code, C=native code)
V  [jvm.dll+0xc8e8]


siginfo: EXCEPTION_ACCESS_VIOLATION (0xc0000005), reading address 0x0000000673039be8


Register to memory mapping:

RIP=0x00007ffbf740c8e8 jvm.dll
RAX=0x0000000000000001 is an unknown value
RBX=
[error occurred during error reporting (printing register info), id 0xc0000005, EXCEPTION_ACCESS_VIOLATION (0xc0000005) at pc=0x00007ffbf7a83126]

Registers:
RAX=0x0000000000000001, RBX=0x00000000c4202340, RCX=0x0000000000000003, RDX=0x00000000c4202340
RSP=0x000000001b60fb38, RBP=0x000000001b60fc40, RSI=0x00000000c4202340, RDI=0x00000000168fe570
R8 =0x0000000673039be0, R9 =0x0000000000021011, R10=0x0000000000000072, R11=0x0000000000000003
R12=0x0000000000000000, R13=0x000000001b60fdb0, R14=0x00000001004d9a80, R15=0x00000000c4202310
RIP=0x00007ffbf740c8e8, EFLAGS=0x0000000000010202

Top of Stack: (sp=0x000000001b60fb38)
0x000000001b60fb38:   00007ffbf7aa9d72 00000000c4202310
0x000000001b60fb48:   0000000000000006 000000001b60fc40
0x000000001b60fb58:   00007ffbf7aa8bb9 00000000168fe570
0x000000001b60fb68:   00007ffbf7aa7652 00000000c4202340
0x000000001b60fb78:   0000000100731288 00000000c3240758
0x000000001b60fb88:   00007ffbf7aa88ff 00000001004d9a78
0x000000001b60fb98:   00007ffbf7aa7ece 00000000c4202330
0x000000001b60fba8:   00007ffbf7aa942e 00000000c4202248
0x000000001b60fbb8:   00000000c4202240 00007ffbf7f10730
0x000000001b60fbc8:   00007ffbf7d17850 000000000000555c
0x000000001b60fbd8:   00007ffbf7aa9769 00007ffbf7dac358
0x000000001b60fbe8:   00000000168fe570 000000001b60fc49
0x000000001b60fbf8:   000000000000555d 0000000000000000
0x000000001b60fc08:   0000000000000000 0000000000000000
0x000000001b60fc18:   0000000000000000 0000000000000000
0x000000001b60fc28:   0000000000000000 0000000002963120 

Instructions: (pc=0x00007ffbf740c8e8)
0x00007ffbf740c7e8:   48 83 c4 20 5e c3 cc cc 48 8b 01 c3 cc cc cc cc
0x00007ffbf740c7f8:   cc cc cc cc cc cc cc cc 4c 8b 01 4c 8b c9 48 8b
0x00007ffbf740c808:   0d 83 a3 b4 00 ba 44 60 08 00 e9 59 f2 ff ff cc
0x00007ffbf740c818:   cc cc cc cc cc cc cc cc 48 89 5c 24 08 57 48 83
0x00007ffbf740c828:   ec 20 48 8b 39 48 8b d9 48 85 3d 31 81 b9 00 75
0x00007ffbf740c838:   0e 48 8b c7 48 8b 5c 24 30 48 83 c4 20 5f c3 48
0x00007ffbf740c848:   8b cf e8 b1 5a 85 00 48 8b d0 48 85 c0 74 20 48
0x00007ffbf740c858:   8b c7 f0 48 0f b1 13 74 16 48 85 05 00 81 b9 00
0x00007ffbf740c868:   74 0d 48 8b c8 f0 48 0f b1 13 48 3b c1 75 ea 48
0x00007ffbf740c878:   8b 5c 24 30 48 8b c2 48 83 c4 20 5f c3 cc cc cc
0x00007ffbf740c888:   cc cc cc cc cc cc cc cc 4c 8b 01 4c 8b c9 48 8b
0x00007ffbf740c898:   0d f3 a2 b4 00 ba 64 60 08 00 e9 c9 f1 ff ff cc
0x00007ffbf740c8a8:   cc cc cc cc cc cc cc cc 8b 05 32 ea ae 00 c3 cc
0x00007ffbf740c8b8:   cc cc cc cc cc cc cc cc 0f b6 05 38 ab b5 00 48
0x00007ffbf740c8c8:   8b d1 84 c0 74 16 44 8b 41 08 8b 0d 10 ea ae 00
0x00007ffbf740c8d8:   49 d3 e0 4c 03 05 fe e9 ae 00 eb 04 4c 8b 41 08
0x00007ffbf740c8e8:   45 8b 50 08 45 85 d2 7e 0e 41 f6 c2 01 75 53 41
0x00007ffbf740c8f8:   c1 fa 03 41 8b c2 c3 79 49 84 c0 b9 10 00 00 00
0x00007ffbf740c908:   8b 05 16 f9 ae 00 41 b8 0c 00 00 00 41 0f 45 c8
0x00007ffbf740c918:   ff c8 4c 63 c8 48 63 14 11 41 8b ca 83 e1 3f 48
0x00007ffbf740c928:   d3 e2 41 8b ca 48 c1 f9 10 0f b6 c1 49 8d 0c 11
0x00007ffbf740c938:   49 f7 d1 48 03 c1 49 c1 e9 03 48 c1 e8 03 41 23
0x00007ffbf740c948:   c1 c3 49 8b 00 49 8b c8 48 ff a0 00 01 00 00 cc
0x00007ffbf740c958:   cc cc cc cc cc cc cc cc 8b 44 24 30 45 03 c9 44
0x00007ffbf740c968:   2b 4c 24 28 83 c0 0b 44 03 ca 45 03 c8 41 03 c1
0x00007ffbf740c978:   c3 cc cc cc cc cc cc cc 4c 8b ca 48 8b d1 45 8b
0x00007ffbf740c988:   41 08 45 85 c0 7e 0e 41 f6 c0 01 75 56 41 c1 f8
0x00007ffbf740c998:   03 41 8b c0 c3 79 4c 80 3d 59 aa b5 00 00 b8 0c
0x00007ffbf740c9a8:   00 00 00 b9 10 00 00 00 0f 45 c8 8b 05 6b f8 ae
0x00007ffbf740c9b8:   00 ff c8 4c 63 c8 48 63 14 11 41 8b c8 83 e1 3f
0x00007ffbf740c9c8:   48 d3 e2 41 8b c8 48 c1 f9 10 0f b6 c1 49 8d 0c
0x00007ffbf740c9d8:   11 49 f7 d1 48 03 c1 49 c1 e9 03 48 c1 e8 03 41 


Stack slot to memory mapping:
stack at sp + 0 slots: 0x00007ffbf7aa9d72 jvm.dll
stack at sp + 1 slots: 0x00000000c4202310 is an oop: com.google.gson.internal.LinkedTreeMap 
{0x00000000c4202310} - klass: 'com/google/gson/internal/LinkedTreeMap'
 - ---- fields (total size 6 words):
 - transient 'keySet' 'Ljava/util/Set;' @12  NULL (0)
 - transient 'values' 'Ljava/util/Collection;' @16  NULL (0)
 - 'size' 'I' @20  13 (d)
 - 'modCount' 'I' @24  13 (d)
 - 'comparator' 'Ljava/util/Comparator;' @28  a 'com/google/gson/internal/LinkedTreeMap$1'{0x00000000c0defb30} (c0defb30)
 - 'root' 'Lcom/google/gson/internal/LinkedTreeMap$Node;' @32  
[error occurred during error reporting (inspecting top of stack), id 0xc0000005, EXCEPTION_ACCESS_VIOLATION (0xc0000005) at pc=0x00007ffbf7a62f53]


---------------  P R O C E S S  ---------------

Threads class SMR info:
_java_thread_list=0x000000001af74510, length=32, elements={
0x0000000002963120, 0x0000000016978750, 0x0000000016979490, 0x00000000169a8670,
0x00000000169aaf40, 0x00000000169ab800, 0x00000000169ac0c0, 0x00000000169acd60,
0x00000000169eda20, 0x00000000169ee540, 0x0000000002a1ef70, 0x0000000018ca2a50,
0x000000001a408e70, 0x00000000198965b0, 0x0000000019896a80, 0x000000001a4dba90,
0x000000001a5d33c0, 0x000000001a976860, 0x0000000018c3f530, 0x0000000018c40d40,
0x0000000018c42080, 0x0000000018c41210, 0x0000000018c42a20, 0x000000001f822fd0,
0x000000001f81d930, 0x000000001f8234a0, 0x000000001f822b00, 0x000000001f822160,
0x000000001f81ec70, 0x000000002192c3c0, 0x000000002192ea40, 0x000000002c958d40
}

Java Threads: ( => current thread )
  0x0000000002963120 JavaThread "main" [_thread_blocked, id=1804, stack(0x0000000002030000,0x0000000002130000)]
  0x0000000016978750 JavaThread "Reference Handler" daemon [_thread_blocked, id=1952, stack(0x00000000181d0000,0x00000000182d0000)]
  0x0000000016979490 JavaThread "Finalizer" daemon [_thread_blocked, id=5036, stack(0x00000000182d0000,0x00000000183d0000)]
  0x00000000169a8670 JavaThread "Signal Dispatcher" daemon [_thread_blocked, id=8152, stack(0x00000000184d0000,0x00000000185d0000)]
  0x00000000169aaf40 JavaThread "Attach Listener" daemon [_thread_blocked, id=9928, stack(0x00000000185d0000,0x00000000186d0000)]
  0x00000000169ab800 JavaThread "Service Thread" daemon [_thread_blocked, id=5548, stack(0x00000000186d0000,0x00000000187d0000)]
  0x00000000169ac0c0 JavaThread "Monitor Deflation Thread" daemon [_thread_blocked, id=6056, stack(0x00000000187d0000,0x00000000188d0000)]
  0x00000000169acd60 JavaThread "C2 CompilerThread0" daemon [_thread_blocked, id=3480, stack(0x00000000188d0000,0x00000000189d0000)]
  0x00000000169eda20 JavaThread "C1 CompilerThread0" daemon [_thread_blocked, id=7628, stack(0x0000000018dd0000,0x0000000018ed0000)]
  0x00000000169ee540 JavaThread "Sweeper thread" daemon [_thread_blocked, id=6052, stack(0x0000000018ed0000,0x0000000018fd0000)]
  0x0000000002a1ef70 JavaThread "Common-Cleaner" daemon [_thread_blocked, id=6352, stack(0x0000000018fd0000,0x00000000190d0000)]
  0x0000000018ca2a50 JavaThread "Notification Thread" daemon [_thread_blocked, id=9308, stack(0x00000000190d0000,0x00000000191d0000)]
  0x000000001a408e70 JavaThread "Active Thread: Equinox Container: e42c8e05-90a5-426f-a184-39ded0804ef0" [_thread_blocked, id=10928, stack(0x000000001b710000,0x000000001b810000)]
  0x00000000198965b0 JavaThread "Framework Event Dispatcher: Equinox Container: e42c8e05-90a5-426f-a184-39ded0804ef0" daemon [_thread_blocked, id=8164, stack(0x000000001b910000,0x000000001ba10000)]
  0x0000000019896a80 JavaThread "Start Level: Equinox Container: e42c8e05-90a5-426f-a184-39ded0804ef0" daemon [_thread_blocked, id=4448, stack(0x000000001ba10000,0x000000001bb10000)]
  0x000000001a4dba90 JavaThread "SCR Component Actor" daemon [_thread_blocked, id=6292, stack(0x000000001bb10000,0x000000001bc10000)]
  0x000000001a5d33c0 JavaThread "Bundle File Closer" daemon [_thread_blocked, id=5780, stack(0x000000001bc10000,0x000000001bd10000)]
  0x000000001a976860 JavaThread "Worker-JM" [_thread_blocked, id=6376, stack(0x000000001bd10000,0x000000001be10000)]
  0x0000000018c3f530 JavaThread "Worker-1: Publish Diagnostics" [_thread_blocked, id=7376, stack(0x000000001c800000,0x000000001c900000)]
  0x0000000018c40d40 JavaThread "Java indexing" daemon [_thread_blocked, id=5800, stack(0x000000001d9d0000,0x000000001dad0000)]
  0x0000000018c42080 JavaThread "JNA Cleaner" daemon [_thread_blocked, id=6456, stack(0x000000001e400000,0x000000001e500000)]
  0x0000000018c41210 JavaThread "pool-2-thread-1" [_thread_blocked, id=6552, stack(0x000000001c900000,0x000000001ca00000)]
  0x0000000018c42a20 JavaThread "pool-1-thread-1" [_thread_in_native, id=8116, stack(0x000000001fa30000,0x000000001fb30000)]
  0x000000001f822fd0 JavaThread "Java Debug Server" daemon [_thread_in_native, id=10672, stack(0x0000000000730000,0x0000000000830000)]
  0x000000001f81d930 JavaThread "pool-3-thread-1" [_thread_in_native, id=8044, stack(0x000000001b810000,0x000000001b910000)]
  0x000000001f8234a0 JavaThread "RxSchedulerPurge-1" daemon [_thread_blocked, id=4076, stack(0x000000001be10000,0x000000001bf10000)]
  0x000000001f822b00 JavaThread "RxCachedWorkerPoolEvictor-1" daemon [_thread_blocked, id=6640, stack(0x0000000020400000,0x0000000020500000)]
  0x000000001f822160 JavaThread "RxNewThreadScheduler-1" daemon [_thread_blocked, id=8040, stack(0x0000000020500000,0x0000000020600000)]
  0x000000001f81ec70 JavaThread "process reaper" daemon [_thread_in_native, id=5188, stack(0x0000000000830000,0x0000000000850000)]
  0x000000002192c3c0 JavaThread "Worker-7" [_thread_blocked, id=10896, stack(0x000000002eb00000,0x000000002ec00000)]
  0x000000002192ea40 JavaThread "ForkJoinPool.commonPool-worker-24" daemon [_thread_blocked, id=12844, stack(0x0000000000630000,0x0000000000730000)]
  0x000000002c958d40 JavaThread "C2 CompilerThread1" daemon [_thread_blocked, id=3764, stack(0x000000001dad0000,0x000000001dbd0000)]

Other Threads:
  0x00000000168b3f20 VMThread "VM Thread" [stack: 0x0000000016b00000,0x0000000016c00000] [id=6472]
  0x0000000018c8ebc0 WatcherThread [stack: 0x00000000191d0000,0x00000000192d0000] [id=820]
  0x0000000002978010 GCTaskThread "GC Thread#0" [stack: 0x0000000002520000,0x0000000002620000] [id=4496]
  0x00000000197b9750 GCTaskThread "GC Thread#1" [stack: 0x0000000019ad0000,0x0000000019bd0000] [id=808]
=>0x00000000197b9a00 GCTaskThread "GC Thread#2" [stack: 0x000000001b510000,0x000000001b610000] [id=5336]
  0x0000000018da7270 GCTaskThread "GC Thread#3" [stack: 0x000000001b610000,0x000000001b710000] [id=4440]

Threads with active compile tasks:
C2 CompilerThread0  72731570 18402       4       org.eclipse.jdt.internal.core.index.DiskIndex::mergeCategory (301 bytes)
C2 CompilerThread1  72731570 18408 % !   4       org.eclipse.jdt.internal.compiler.parser.AbstractCommentParser::commentParse @ 347 (1858 bytes)

VM state: at safepoint (normal execution)

VM Mutex/Monitor currently owned by a thread:  ([mutex/lock_event])
[0x000000000295e500] Threads_lock - owner thread: 0x00000000168b3f20
[0x000000000295e940] Heap_lock - owner thread: 0x000000002192ea40

Heap address: 0x00000000c0000000, size: 1024 MB, Compressed Oops mode: 32-bit

CDS archive(s) not mapped
Compressed class space mapped at: 0x0000000100000000-0x0000000140000000, reserved size: 1073741824
Narrow klass base: 0x0000000000000000, Narrow klass shift: 3, Narrow klass range: 0x140000000

GC Precious Log:
 CPUs: 4 total, 4 available
 Memory: 7627M
 Large Page Support: Disabled
 NUMA Support: Disabled
 Compressed Oops: Enabled (32-bit)
 Alignments: Space 512K, Generation 512K, Heap 2M
 Heap Min Capacity: 100M
 Heap Initial Capacity: 100M
 Heap Max Capacity: 1G
 Pre-touch: Disabled
 Parallel Workers: 4

Heap:
 PSYoungGen      total 4096K, used 544K [0x00000000eab00000, 0x00000000eb100000, 0x0000000100000000)
  eden space 2048K, 0% used [0x00000000eab00000,0x00000000eab00000,0x00000000ead00000)
  from space 2048K, 26% used [0x00000000eae00000,0x00000000eae88000,0x00000000eb000000)
  to   space 1024K, 0% used [0x00000000eb000000,0x00000000eb000000,0x00000000eb100000)
 ParOldGen       total 276992K, used 275627K [0x00000000c0000000, 0x00000000d0e80000, 0x00000000eab00000)
  object space 276992K, 99% used [0x00000000c0000000,0x00000000d0d2ac68,0x00000000d0e80000)
 Metaspace       used 86877K, committed 88064K, reserved 1130496K
  class space    used 8908K, committed 9408K, reserved 1048576K

Card table byte_map: [0x0000000002310000,0x0000000002520000] _byte_map_base: 0x0000000001d10000

Marking Bits: (ParMarkBitMap*) 0x00007ffbf7f80dd0
 Begin Bits: [0x00000000145f0000, 0x00000000155f0000)
 End Bits:   [0x00000000155f0000, 0x00000000165f0000)

Polling page: 0x00000000004d0000

Metaspace:

Usage:
  Non-class:     76.14 MB used.
      Class:      8.70 MB used.
       Both:     84.84 MB used.

Virtual space:
  Non-class space:       80.00 MB reserved,      76.81 MB ( 96%) committed,  10 nodes.
      Class space:        1.00 GB reserved,       9.19 MB ( <1%) committed,  1 nodes.
             Both:        1.08 GB reserved,      86.00 MB (  8%) committed. 

Chunk freelists:
   Non-Class:  3.03 MB
       Class:  2.86 MB
        Both:  5.89 MB

MaxMetaspaceSize: unlimited
CompressedClassSpaceSize: 1.00 GB
Initial GC threshold: 21.00 MB
Current GC threshold: 141.19 MB
CDS: off
MetaspaceReclaimPolicy: balanced
 - commit_granule_bytes: 65536.
 - commit_granule_words: 8192.
 - virtual_space_node_default_size: 1048576.
 - enlarge_chunks_in_place: 1.
 - new_chunks_are_fully_committed: 0.
 - uncommit_free_chunks: 1.
 - use_allocation_guard: 0.
 - handle_deallocations: 1.


Internal statistics:

num_allocs_failed_limit: 9.
num_arena_births: 992.
num_arena_deaths: 298.
num_vsnodes_births: 11.
num_vsnodes_deaths: 0.
num_space_committed: 1376.
num_space_uncommitted: 0.
num_chunks_returned_to_freelist: 379.
num_chunks_taken_from_freelist: 4693.
num_chunk_merges: 135.
num_chunk_splits: 2816.
num_chunks_enlarged: 1616.
num_purges: 4.
num_inconsistent_stats: 0.

CodeHeap 'non-profiled nmethods': size=120000Kb used=10243Kb max_used=10596Kb free=109756Kb
 bounds [0x000000000d0c0000, 0x000000000db80000, 0x00000000145f0000]
CodeHeap 'profiled nmethods': size=120000Kb used=30637Kb max_used=30637Kb free=89363Kb
 bounds [0x0000000005b90000, 0x0000000007990000, 0x000000000d0c0000]
CodeHeap 'non-nmethods': size=5760Kb used=1434Kb max_used=1510Kb free=4325Kb
 bounds [0x00000000055f0000, 0x0000000005860000, 0x0000000005b90000]
 total_blobs=14508 nmethods=13717 adapters=698
 compilation: enabled
              stopped_count=0, restarted_count=0
 full_count=0

Compilation events (20 events):
Event: 72731.290 Thread 0x00000000169acd60 18402       4       org.eclipse.jdt.internal.core.index.DiskIndex::mergeCategory (301 bytes)
Event: 72731.302 Thread 0x00000000169eda20 nmethod 18410 0x0000000007968090 code [0x00000000079685e0, 0x000000000796cec8]
Event: 72731.302 Thread 0x00000000169eda20 18411       3       org.eclipse.jdt.internal.compiler.parser.Parser::consumeImportDeclaration (74 bytes)
Event: 72731.302 Thread 0x00000000169eda20 nmethod 18411 0x000000000796ec10 code [0x000000000796ede0, 0x000000000796f238]
Event: 72731.302 Thread 0x00000000169eda20 18405       3       org.eclipse.jdt.internal.core.SourceMethodElementInfo::<init> (12 bytes)
Event: 72731.303 Thread 0x00000000169eda20 nmethod 18405 0x000000000796f410 code [0x000000000796f5c0, 0x000000000796f8f8]
Event: 72731.303 Thread 0x00000000169eda20 18406       3       org.eclipse.jdt.internal.core.SourceMethodInfo::<init> (5 bytes)
Event: 72731.303 Thread 0x00000000169eda20 nmethod 18406 0x000000000796fa90 code [0x000000000796fc60, 0x000000000796fff8]
Event: 72731.343 Thread 0x00000000169eda20 18413       3       org.eclipse.jdt.internal.compiler.lookup.MethodVerifier::checkAgainstInheritedMethods (580 bytes)
Event: 72731.350 Thread 0x00000000169eda20 nmethod 18413 0x0000000007970190 code [0x0000000007970680, 0x0000000007973d18]
Event: 72731.350 Thread 0x00000000169eda20 18414       3       org.eclipse.jdt.internal.compiler.lookup.MethodVerifier15::reportRawReferences (300 bytes)
Event: 72731.353 Thread 0x00000000169eda20 nmethod 18414 0x0000000007974d90 code [0x00000000079750e0, 0x00000000079768d8]
Event: 72731.353 Thread 0x00000000169eda20 18415       3       org.eclipse.jdt.internal.compiler.lookup.MethodVerifier::isAsVisible (62 bytes)
Event: 72731.354 Thread 0x00000000169eda20 nmethod 18415 0x0000000007977310 code [0x0000000007977500, 0x0000000007977bd8]
Event: 72731.358 Thread 0x00000000169eda20 18418   !   3       org.eclipse.jdt.internal.compiler.lookup.Scope::getConstructor0 (423 bytes)
Event: 72731.361 Thread 0x00000000169eda20 nmethod 18418 0x0000000007977d90 code [0x00000000079780e0, 0x0000000007979828]
Event: 72731.368 Thread 0x00000000169eda20 18420       3       org.eclipse.jdt.internal.compiler.ast.EqualExpression::resolveType (933 bytes)
Event: 72731.375 Thread 0x00000000169eda20 nmethod 18420 0x000000000797a910 code [0x000000000797af40, 0x000000000797eea8]
Event: 72731.392 Thread 0x00000000169eda20 18425       3       org.eclipse.jdt.internal.compiler.ast.Block::resolve (96 bytes)
Event: 72731.393 Thread 0x00000000169eda20 nmethod 18425 0x0000000007980210 code [0x0000000007980420, 0x0000000007980d68]

GC Heap History (20 events):
Event: 72610.270 GC heap after
{Heap after GC invocations=405 (full 15):
 PSYoungGen      total 5632K, used 544K [0x00000000eab00000, 0x00000000eb180000, 0x0000000100000000)
  eden space 4608K, 0% used [0x00000000eab00000,0x00000000eab00000,0x00000000eaf80000)
  from space 1024K, 53% used [0x00000000eb080000,0x00000000eb108000,0x00000000eb180000)
  to   space 1024K, 0% used [0x00000000eaf80000,0x00000000eaf80000,0x00000000eb080000)
 ParOldGen       total 276992K, used 266242K [0x00000000c0000000, 0x00000000d0e80000, 0x00000000eab00000)
  object space 276992K, 96% used [0x00000000c0000000,0x00000000d0400b98,0x00000000d0e80000)
 Metaspace       used 86778K, committed 87872K, reserved 1130496K
  class space    used 8902K, committed 9344K, reserved 1048576K
}
Event: 72730.881 GC heap before
{Heap before GC invocations=406 (full 15):
 PSYoungGen      total 5632K, used 5108K [0x00000000eab00000, 0x00000000eb180000, 0x0000000100000000)
  eden space 4608K, 99% used [0x00000000eab00000,0x00000000eaf751a0,0x00000000eaf80000)
  from space 1024K, 53% used [0x00000000eb080000,0x00000000eb108000,0x00000000eb180000)
  to   space 1024K, 0% used [0x00000000eaf80000,0x00000000eaf80000,0x00000000eb080000)
 ParOldGen       total 276992K, used 266242K [0x00000000c0000000, 0x00000000d0e80000, 0x00000000eab00000)
  object space 276992K, 96% used [0x00000000c0000000,0x00000000d0400b98,0x00000000d0e80000)
 Metaspace       used 86792K, committed 87872K, reserved 1130496K
  class space    used 8903K, committed 9344K, reserved 1048576K
}
Event: 72730.885 GC heap after
{Heap after GC invocations=406 (full 15):
 PSYoungGen      total 5632K, used 670K [0x00000000eab00000, 0x00000000eb180000, 0x0000000100000000)
  eden space 4608K, 0% used [0x00000000eab00000,0x00000000eab00000,0x00000000eaf80000)
  from space 1024K, 65% used [0x00000000eaf80000,0x00000000eb027b88,0x00000000eb080000)
  to   space 1024K, 0% used [0x00000000eb080000,0x00000000eb080000,0x00000000eb180000)
 ParOldGen       total 276992K, used 266242K [0x00000000c0000000, 0x00000000d0e80000, 0x00000000eab00000)
  object space 276992K, 96% used [0x00000000c0000000,0x00000000d0400b98,0x00000000d0e80000)
 Metaspace       used 86792K, committed 87872K, reserved 1130496K
  class space    used 8903K, committed 9344K, reserved 1048576K
}
Event: 72731.077 GC heap before
{Heap before GC invocations=407 (full 15):
 PSYoungGen      total 5632K, used 5278K [0x00000000eab00000, 0x00000000eb180000, 0x0000000100000000)
  eden space 4608K, 100% used [0x00000000eab00000,0x00000000eaf80000,0x00000000eaf80000)
  from space 1024K, 65% used [0x00000000eaf80000,0x00000000eb027b88,0x00000000eb080000)
  to   space 1024K, 0% used [0x00000000eb080000,0x00000000eb080000,0x00000000eb180000)
 ParOldGen       total 276992K, used 266242K [0x00000000c0000000, 0x00000000d0e80000, 0x00000000eab00000)
  object space 276992K, 96% used [0x00000000c0000000,0x00000000d0400b98,0x00000000d0e80000)
 Metaspace       used 86832K, committed 88000K, reserved 1130496K
  class space    used 8908K, committed 9408K, reserved 1048576K
}
Event: 72731.081 GC heap after
{Heap after GC invocations=407 (full 15):
 PSYoungGen      total 4096K, used 1013K [0x00000000eab00000, 0x00000000eb480000, 0x0000000100000000)
  eden space 3072K, 0% used [0x00000000eab00000,0x00000000eab00000,0x00000000eae00000)
  from space 1024K, 98% used [0x00000000eb080000,0x00000000eb17d4b8,0x00000000eb180000)
  to   space 2560K, 0% used [0x00000000eae00000,0x00000000eae00000,0x00000000eb080000)
 ParOldGen       total 276992K, used 267267K [0x00000000c0000000, 0x00000000d0e80000, 0x00000000eab00000)
  object space 276992K, 96% used [0x00000000c0000000,0x00000000d0500cb0,0x00000000d0e80000)
 Metaspace       used 86832K, committed 88000K, reserved 1130496K
  class space    used 8908K, committed 9408K, reserved 1048576K
}
Event: 72731.111 GC heap before
{Heap before GC invocations=408 (full 15):
 PSYoungGen      total 4096K, used 4085K [0x00000000eab00000, 0x00000000eb480000, 0x0000000100000000)
  eden space 3072K, 100% used [0x00000000eab00000,0x00000000eae00000,0x00000000eae00000)
  from space 1024K, 98% used [0x00000000eb080000,0x00000000eb17d4b8,0x00000000eb180000)
  to   space 2560K, 0% used [0x00000000eae00000,0x00000000eae00000,0x00000000eb080000)
 ParOldGen       total 276992K, used 267267K [0x00000000c0000000, 0x00000000d0e80000, 0x00000000eab00000)
  object space 276992K, 96% used [0x00000000c0000000,0x00000000d0500cb0,0x00000000d0e80000)
 Metaspace       used 86838K, committed 88000K, reserved 1130496K
  class space    used 8908K, committed 9408K, reserved 1048576K
}
Event: 72731.119 GC heap after
{Heap after GC invocations=408 (full 15):
 PSYoungGen      total 5632K, used 2549K [0x00000000eab00000, 0x00000000eb600000, 0x0000000100000000)
  eden space 3072K, 0% used [0x00000000eab00000,0x00000000eab00000,0x00000000eae00000)
  from space 2560K, 99% used [0x00000000eae00000,0x00000000eb07d4b8,0x00000000eb080000)
  to   space 4096K, 0% used [0x00000000eb200000,0x00000000eb200000,0x00000000eb600000)
 ParOldGen       total 276992K, used 268203K [0x00000000c0000000, 0x00000000d0e80000, 0x00000000eab00000)
  object space 276992K, 96% used [0x00000000c0000000,0x00000000d05eacc0,0x00000000d0e80000)
 Metaspace       used 86838K, committed 88000K, reserved 1130496K
  class space    used 8908K, committed 9408K, reserved 1048576K
}
Event: 72731.171 GC heap before
{Heap before GC invocations=409 (full 15):
 PSYoungGen      total 5632K, used 5537K [0x00000000eab00000, 0x00000000eb600000, 0x0000000100000000)
  eden space 3072K, 97% used [0x00000000eab00000,0x00000000eadeb300,0x00000000eae00000)
  from space 2560K, 99% used [0x00000000eae00000,0x00000000eb07d4b8,0x00000000eb080000)
  to   space 4096K, 0% used [0x00000000eb200000,0x00000000eb200000,0x00000000eb600000)
 ParOldGen       total 276992K, used 268203K [0x00000000c0000000, 0x00000000d0e80000, 0x00000000eab00000)
  object space 276992K, 96% used [0x00000000c0000000,0x00000000d05eacc0,0x00000000d0e80000)
 Metaspace       used 86839K, committed 88000K, reserved 1130496K
  class space    used 8908K, committed 9408K, reserved 1048576K
}
Event: 72731.178 GC heap after
{Heap after GC invocations=409 (full 15):
 PSYoungGen      total 6144K, used 4076K [0x00000000eab00000, 0x00000000eb800000, 0x0000000100000000)
  eden space 2048K, 0% used [0x00000000eab00000,0x00000000eab00000,0x00000000ead00000)
  from space 4096K, 99% used [0x00000000eb200000,0x00000000eb5fb130,0x00000000eb600000)
  to   space 5120K, 0% used [0x00000000ead00000,0x00000000ead00000,0x00000000eb200000)
 ParOldGen       total 276992K, used 268563K [0x00000000c0000000, 0x00000000d0e80000, 0x00000000eab00000)
  object space 276992K, 96% used [0x00000000c0000000,0x00000000d0644cc0,0x00000000d0e80000)
 Metaspace       used 86839K, committed 88000K, reserved 1130496K
  class space    used 8908K, committed 9408K, reserved 1048576K
}
Event: 72731.197 GC heap before
{Heap before GC invocations=410 (full 15):
 PSYoungGen      total 6144K, used 6124K [0x00000000eab00000, 0x00000000eb800000, 0x0000000100000000)
  eden space 2048K, 100% used [0x00000000eab00000,0x00000000ead00000,0x00000000ead00000)
  from space 4096K, 99% used [0x00000000eb200000,0x00000000eb5fb130,0x00000000eb600000)
  to   space 5120K, 0% used [0x00000000ead00000,0x00000000ead00000,0x00000000eb200000)
 ParOldGen       total 276992K, used 268563K [0x00000000c0000000, 0x00000000d0e80000, 0x00000000eab00000)
  object space 276992K, 96% used [0x00000000c0000000,0x00000000d0644cc0,0x00000000d0e80000)
 Metaspace       used 86840K, committed 88000K, reserved 1130496K
  class space    used 8908K, committed 9408K, reserved 1048576K
}
Event: 72731.207 GC heap after
{Heap after GC invocations=410 (full 15):
 PSYoungGen      total 7168K, used 5109K [0x00000000eab00000, 0x00000000eb800000, 0x0000000100000000)
  eden space 2048K, 0% used [0x00000000eab00000,0x00000000eab00000,0x00000000ead00000)
  from space 5120K, 99% used [0x00000000ead00000,0x00000000eb1fd7b0,0x00000000eb200000)
  to   space 5632K, 0% used [0x00000000eb280000,0x00000000eb280000,0x00000000eb800000)
 ParOldGen       total 276992K, used 268792K [0x00000000c0000000, 0x00000000d0e80000, 0x00000000eab00000)
  object space 276992K, 97% used [0x00000000c0000000,0x00000000d067e060,0x00000000d0e80000)
 Metaspace       used 86840K, committed 88000K, reserved 1130496K
  class space    used 8908K, committed 9408K, reserved 1048576K
}
Event: 72731.224 GC heap before
{Heap before GC invocations=411 (full 15):
 PSYoungGen      total 7168K, used 7039K [0x00000000eab00000, 0x00000000eb800000, 0x0000000100000000)
  eden space 2048K, 94% used [0x00000000eab00000,0x00000000eace2600,0x00000000ead00000)
  from space 5120K, 99% used [0x00000000ead00000,0x00000000eb1fd7b0,0x00000000eb200000)
  to   space 5632K, 0% used [0x00000000eb280000,0x00000000eb280000,0x00000000eb800000)
 ParOldGen       total 276992K, used 268792K [0x00000000c0000000, 0x00000000d0e80000, 0x00000000eab00000)
  object space 276992K, 97% used [0x00000000c0000000,0x00000000d067e060,0x00000000d0e80000)
 Metaspace       used 86840K, committed 88000K, reserved 1130496K
  class space    used 8908K, committed 9408K, reserved 1048576K
}
Event: 72731.233 GC heap after
{Heap after GC invocations=411 (full 15):
 PSYoungGen      total 6656K, used 5622K [0x00000000eab00000, 0x00000000eba80000, 0x0000000100000000)
  eden space 1024K, 0% used [0x00000000eab00000,0x00000000eab00000,0x00000000eac00000)
  from space 5632K, 99% used [0x00000000eb280000,0x00000000eb7fdb58,0x00000000eb800000)
  to   space 6656K, 0% used [0x00000000eac00000,0x00000000eac00000,0x00000000eb280000)
 ParOldGen       total 276992K, used 269440K [0x00000000c0000000, 0x00000000d0e80000, 0x00000000eab00000)
  object space 276992K, 97% used [0x00000000c0000000,0x00000000d0720188,0x00000000d0e80000)
 Metaspace       used 86840K, committed 88000K, reserved 1130496K
  class space    used 8908K, committed 9408K, reserved 1048576K
}
Event: 72731.254 GC heap before
{Heap before GC invocations=412 (full 15):
 PSYoungGen      total 6656K, used 6646K [0x00000000eab00000, 0x00000000eba80000, 0x0000000100000000)
  eden space 1024K, 100% used [0x00000000eab00000,0x00000000eac00000,0x00000000eac00000)
  from space 5632K, 99% used [0x00000000eb280000,0x00000000eb7fdb58,0x00000000eb800000)
  to   space 6656K, 0% used [0x00000000eac00000,0x00000000eac00000,0x00000000eb280000)
 ParOldGen       total 276992K, used 269440K [0x00000000c0000000, 0x00000000d0e80000, 0x00000000eab00000)
  object space 276992K, 97% used [0x00000000c0000000,0x00000000d0720188,0x00000000d0e80000)
 Metaspace       used 86840K, committed 88000K, reserved 1130496K
  class space    used 8908K, committed 9408K, reserved 1048576K
}
Event: 72731.264 GC heap after
{Heap after GC invocations=412 (full 15):
 PSYoungGen      total 4096K, used 2777K [0x00000000eab00000, 0x00000000eb480000, 0x0000000100000000)
  eden space 1024K, 0% used [0x00000000eab00000,0x00000000eab00000,0x00000000eac00000)
  from space 3072K, 90% used [0x00000000eac00000,0x00000000eaeb6778,0x00000000eaf00000)
  to   space 4096K, 0% used [0x00000000eb080000,0x00000000eb080000,0x00000000eb480000)
 ParOldGen       total 276992K, used 272552K [0x00000000c0000000, 0x00000000d0e80000, 0x00000000eab00000)
  object space 276992K, 98% used [0x00000000c0000000,0x00000000d0a2a188,0x00000000d0e80000)
 Metaspace       used 86840K, committed 88000K, reserved 1130496K
  class space    used 8908K, committed 9408K, reserved 1048576K
}
Event: 72731.275 GC heap before
{Heap before GC invocations=413 (full 15):
 PSYoungGen      total 4096K, used 3801K [0x00000000eab00000, 0x00000000eb480000, 0x0000000100000000)
  eden space 1024K, 100% used [0x00000000eab00000,0x00000000eac00000,0x00000000eac00000)
  from space 3072K, 90% used [0x00000000eac00000,0x00000000eaeb6778,0x00000000eaf00000)
  to   space 4096K, 0% used [0x00000000eb080000,0x00000000eb080000,0x00000000eb480000)
 ParOldGen       total 276992K, used 272552K [0x00000000c0000000, 0x00000000d0e80000, 0x00000000eab00000)
  object space 276992K, 98% used [0x00000000c0000000,0x00000000d0a2a188,0x00000000d0e80000)
 Metaspace       used 86847K, committed 88000K, reserved 1130496K
  class space    used 8908K, committed 9408K, reserved 1048576K
}
Event: 72731.283 GC heap after
{Heap after GC invocations=413 (full 15):
 PSYoungGen      total 3072K, used 1166K [0x00000000eab00000, 0x00000000eb200000, 0x0000000100000000)
  eden space 1536K, 0% used [0x00000000eab00000,0x00000000eab00000,0x00000000eac80000)
  from space 1536K, 75% used [0x00000000eb080000,0x00000000eb1a3a20,0x00000000eb200000)
  to   space 2048K, 0% used [0x00000000eae00000,0x00000000eae00000,0x00000000eb000000)
 ParOldGen       total 276992K, used 274532K [0x00000000c0000000, 0x00000000d0e80000, 0x00000000eab00000)
  object space 276992K, 99% used [0x00000000c0000000,0x00000000d0c19248,0x00000000d0e80000)
 Metaspace       used 86847K, committed 88000K, reserved 1130496K
  class space    used 8908K, committed 9408K, reserved 1048576K
}
Event: 72731.402 GC heap before
{Heap before GC invocations=414 (full 15):
 PSYoungGen      total 3072K, used 2693K [0x00000000eab00000, 0x00000000eb200000, 0x0000000100000000)
  eden space 1536K, 99% used [0x00000000eab00000,0x00000000eac7dcd8,0x00000000eac80000)
  from space 1536K, 75% used [0x00000000eb080000,0x00000000eb1a3a20,0x00000000eb200000)
  to   space 2048K, 0% used [0x00000000eae00000,0x00000000eae00000,0x00000000eb000000)
 ParOldGen       total 276992K, used 274532K [0x00000000c0000000, 0x00000000d0e80000, 0x00000000eab00000)
  object space 276992K, 99% used [0x00000000c0000000,0x00000000d0c19248,0x00000000d0e80000)
 Metaspace       used 86877K, committed 88064K, reserved 1130496K
  class space    used 8908K, committed 9408K, reserved 1048576K
}
Event: 72731.406 GC heap after
{Heap after GC invocations=414 (full 15):
 PSYoungGen      total 4096K, used 544K [0x00000000eab00000, 0x00000000eb100000, 0x0000000100000000)
  eden space 2048K, 0% used [0x00000000eab00000,0x00000000eab00000,0x00000000ead00000)
  from space 2048K, 26% used [0x00000000eae00000,0x00000000eae88000,0x00000000eb000000)
  to   space 1024K, 0% used [0x00000000eb000000,0x00000000eb000000,0x00000000eb100000)
 ParOldGen       total 276992K, used 275627K [0x00000000c0000000, 0x00000000d0e80000, 0x00000000eab00000)
  object space 276992K, 99% used [0x00000000c0000000,0x00000000d0d2ac68,0x00000000d0e80000)
 Metaspace       used 86877K, committed 88064K, reserved 1130496K
  class space    used 8908K, committed 9408K, reserved 1048576K
}
Event: 72731.406 GC heap before
{Heap before GC invocations=415 (full 16):
 PSYoungGen      total 4096K, used 544K [0x00000000eab00000, 0x00000000eb100000, 0x0000000100000000)
  eden space 2048K, 0% used [0x00000000eab00000,0x00000000eab00000,0x00000000ead00000)
  from space 2048K, 26% used [0x00000000eae00000,0x00000000eae88000,0x00000000eb000000)
  to   space 1024K, 0% used [0x00000000eb000000,0x00000000eb000000,0x00000000eb100000)
 ParOldGen       total 276992K, used 275627K [0x00000000c0000000, 0x00000000d0e80000, 0x00000000eab00000)
  object space 276992K, 99% used [0x00000000c0000000,0x00000000d0d2ac68,0x00000000d0e80000)
 Metaspace       used 86877K, committed 88064K, reserved 1130496K
  class space    used 8908K, committed 9408K, reserved 1048576K
}

Dll operation events (11 events):
Event: 0.028 Loaded shared library c:\Users\Kap\.vscode\extensions\redhat.java-1.14.0-win32-x64\jre\17.0.5-win32-x86_64\bin\java.dll
Event: 0.540 Loaded shared library c:\Users\Kap\.vscode\extensions\redhat.java-1.14.0-win32-x64\jre\17.0.5-win32-x86_64\bin\zip.dll
Event: 0.545 Loaded shared library C:\Users\Kap\.vscode\extensions\redhat.java-1.14.0-win32-x64\jre\17.0.5-win32-x86_64\bin\instrument.dll
Event: 0.614 Loaded shared library C:\Users\Kap\.vscode\extensions\redhat.java-1.14.0-win32-x64\jre\17.0.5-win32-x86_64\bin\net.dll
Event: 0.617 Loaded shared library C:\Users\Kap\.vscode\extensions\redhat.java-1.14.0-win32-x64\jre\17.0.5-win32-x86_64\bin\nio.dll
Event: 0.669 Loaded shared library C:\Users\Kap\.vscode\extensions\redhat.java-1.14.0-win32-x64\jre\17.0.5-win32-x86_64\bin\zip.dll
Event: 0.714 Loaded shared library C:\Users\Kap\.vscode\extensions\redhat.java-1.14.0-win32-x64\jre\17.0.5-win32-x86_64\bin\jimage.dll
Event: 0.994 Loaded shared library c:\Users\Kap\.vscode\extensions\redhat.java-1.14.0-win32-x64\jre\17.0.5-win32-x86_64\bin\verify.dll
Event: 4.288 Loaded shared library C:\Users\Kap\AppData\Roaming\Code\User\globalStorage\redhat.java\1.14.0\config_win\org.eclipse.equinox.launcher\org.eclipse.equinox.launcher.win32.win32.x86_64_1.2.700.v20221108-1024\eclipse_11801.dll
Event: 10.085 Loaded shared library C:\Users\Kap\AppData\Local\Temp\jna-75194\jna14997033645115027908.dll
Event: 3376.546 Loaded shared library C:\Users\Kap\.vscode\extensions\redhat.java-1.14.0-win32-x64\jre\17.0.5-win32-x86_64\bin\sunmscapi.dll

Deoptimization events (20 events):
Event: 3677.940 Thread 0x000000001f81f610 Uncommon trap: trap_request=0xffffff45 fr.pc=0x000000000d2af26c relative=0x00000000000000cc
Event: 3677.940 Thread 0x000000001f81f610 Uncommon trap: reason=unstable_if action=reinterpret pc=0x000000000d2af26c method=java.util.concurrent.locks.ReentrantLock$Sync.lock()V @ 4 c2
Event: 3677.940 Thread 0x000000001f81f610 DEOPT PACKING pc=0x000000000d2af26c sp=0x00000000206ff680
Event: 3677.940 Thread 0x000000001f81f610 DEOPT UNPACKING pc=0x00000000056420a3 sp=0x00000000206ff5c0 mode 2
Event: 3677.972 Thread 0x000000002192c3c0 DEOPT PACKING pc=0x0000000006156530 sp=0x000000002ebfc930
Event: 3677.972 Thread 0x000000002192c3c0 DEOPT UNPACKING pc=0x0000000005642843 sp=0x000000002ebfbe78 mode 0
Event: 72731.068 Thread 0x0000000018c42a20 Uncommon trap: trap_request=0xffffffde fr.pc=0x000000000d13fc60 relative=0x00000000000001a0
Event: 72731.068 Thread 0x0000000018c42a20 Uncommon trap: reason=class_check action=maybe_recompile pc=0x000000000d13fc60 method=org.eclipse.jdt.internal.core.PackageFragmentRoot.hashCode()I @ 4 c2
Event: 72731.068 Thread 0x0000000018c42a20 DEOPT PACKING pc=0x000000000d13fc60 sp=0x000000001fb2dcc0
Event: 72731.068 Thread 0x0000000018c42a20 DEOPT UNPACKING pc=0x00000000056420a3 sp=0x000000001fb2dc58 mode 2
Event: 72731.095 Thread 0x0000000018c42a20 DEOPT PACKING pc=0x000000000703055e sp=0x000000001fb2ddf0
Event: 72731.095 Thread 0x0000000018c42a20 DEOPT UNPACKING pc=0x0000000005642843 sp=0x000000001fb2d380 mode 0
Event: 72731.186 Thread 0x0000000018c40d40 DEOPT PACKING pc=0x0000000007756068 sp=0x000000001dacf0e0
Event: 72731.187 Thread 0x0000000018c40d40 DEOPT UNPACKING pc=0x0000000005642843 sp=0x000000001dace5b8 mode 0
Event: 72731.210 Thread 0x0000000018c40d40 DEOPT PACKING pc=0x000000000775426d sp=0x000000001dacf060
Event: 72731.210 Thread 0x0000000018c40d40 DEOPT UNPACKING pc=0x0000000005642843 sp=0x000000001dace5b8 mode 0
Event: 72731.251 Thread 0x0000000018c40d40 DEOPT PACKING pc=0x000000000775426d sp=0x000000001dacf060
Event: 72731.251 Thread 0x0000000018c40d40 DEOPT UNPACKING pc=0x0000000005642843 sp=0x000000001dace5b8 mode 0
Event: 72731.267 Thread 0x0000000018c40d40 DEOPT PACKING pc=0x000000000775426d sp=0x000000001dacf060
Event: 72731.267 Thread 0x0000000018c40d40 DEOPT UNPACKING pc=0x0000000005642843 sp=0x000000001dace5b8 mode 0

Classes unloaded (20 events):
Event: 3366.453 Thread 0x00000000168b3f20 Unloading class 0x0000000100281400 'jdk/internal/reflect/GeneratedSerializationConstructorAccessor5'
Event: 3366.453 Thread 0x00000000168b3f20 Unloading class 0x0000000100281000 'jdk/internal/reflect/GeneratedSerializationConstructorAccessor4'
Event: 3366.453 Thread 0x00000000168b3f20 Unloading class 0x0000000100280c00 'jdk/internal/reflect/GeneratedSerializationConstructorAccessor3'
Event: 3366.453 Thread 0x00000000168b3f20 Unloading class 0x0000000100280800 'jdk/internal/reflect/GeneratedSerializationConstructorAccessor2'
Event: 3366.453 Thread 0x00000000168b3f20 Unloading class 0x0000000100280400 'jdk/internal/reflect/GeneratedSerializationConstructorAccessor1'
Event: 3366.453 Thread 0x00000000168b3f20 Unloading class 0x000000010021b800 'java/lang/invoke/LambdaForm$MH+0x000000010021b800'
Event: 3366.453 Thread 0x00000000168b3f20 Unloading class 0x00000001001d3000 'jdk/internal/reflect/GeneratedConstructorAccessor4'
Event: 3366.453 Thread 0x00000000168b3f20 Unloading class 0x00000001001a2800 'java/lang/invoke/LambdaForm$MH+0x00000001001a2800'
Event: 3366.453 Thread 0x00000000168b3f20 Unloading class 0x00000001001a2000 'java/lang/invoke/LambdaForm$MH+0x00000001001a2000'
Event: 3366.453 Thread 0x00000000168b3f20 Unloading class 0x00000001001a1c00 'java/lang/invoke/LambdaForm$MH+0x00000001001a1c00'
Event: 3366.453 Thread 0x00000000168b3f20 Unloading class 0x00000001001a1800 'java/lang/invoke/LambdaForm$MH+0x00000001001a1800'
Event: 3366.453 Thread 0x00000000168b3f20 Unloading class 0x00000001001a1000 'java/lang/invoke/LambdaForm$MH+0x00000001001a1000'
Event: 3366.453 Thread 0x00000000168b3f20 Unloading class 0x00000001001a0c00 'java/lang/invoke/LambdaForm$MH+0x00000001001a0c00'
Event: 3366.453 Thread 0x00000000168b3f20 Unloading class 0x00000001001a0800 'java/lang/invoke/LambdaForm$MH+0x00000001001a0800'
Event: 3366.453 Thread 0x00000000168b3f20 Unloading class 0x00000001001a0000 'java/lang/invoke/LambdaForm$MH+0x00000001001a0000'
Event: 3366.453 Thread 0x00000000168b3f20 Unloading class 0x000000010012d000 'jdk/internal/reflect/GeneratedMethodAccessor5'
Event: 3366.453 Thread 0x00000000168b3f20 Unloading class 0x000000010012cc00 'jdk/internal/reflect/GeneratedMethodAccessor4'
Event: 3366.453 Thread 0x00000000168b3f20 Unloading class 0x000000010012c800 'jdk/internal/reflect/GeneratedMethodAccessor3'
Event: 3366.453 Thread 0x00000000168b3f20 Unloading class 0x000000010012c400 'jdk/internal/reflect/GeneratedMethodAccessor2'
Event: 3366.453 Thread 0x00000000168b3f20 Unloading class 0x000000010012c000 'jdk/internal/reflect/GeneratedMethodAccessor1'

Classes redefined (0 events):
No events

Internal exceptions (20 events):
Event: 72731.254 Thread 0x000000002192ea40 Implicit null exception at 0x0000000005ffce76 to 0x0000000005ffd4fd
Event: 72731.254 Thread 0x000000002192ea40 Exception <a 'java/lang/NullPointerException'{0x00000000eabfece0}> (0x00000000eabfece0) 
thrown [s\src\hotspot\share\runtime\sharedRuntime.cpp, line 628]
Event: 72731.254 Thread 0x000000002192ea40 Implicit null exception at 0x0000000005ffce76 to 0x0000000005ffd4fd
Event: 72731.254 Thread 0x000000002192ea40 Exception <a 'java/lang/NullPointerException'{0x00000000eabff4f8}> (0x00000000eabff4f8) 
thrown [s\src\hotspot\share\runtime\sharedRuntime.cpp, line 628]
Event: 72731.264 Thread 0x000000002192ea40 Implicit null exception at 0x0000000005ffce76 to 0x0000000005ffd4fd
Event: 72731.264 Thread 0x000000002192ea40 Exception <a 'java/lang/NullPointerException'{0x00000000eab04da8}> (0x00000000eab04da8) 
thrown [s\src\hotspot\share\runtime\sharedRuntime.cpp, line 628]
Event: 72731.264 Thread 0x000000002192ea40 Implicit null exception at 0x0000000005ffce76 to 0x0000000005ffd4fd
Event: 72731.266 Thread 0x000000002192ea40 Exception <a 'java/lang/NullPointerException'{0x00000000eab055c0}> (0x00000000eab055c0) 
thrown [s\src\hotspot\share\runtime\sharedRuntime.cpp, line 628]
Event: 72731.266 Thread 0x000000002192ea40 Implicit null exception at 0x0000000005ffce76 to 0x0000000005ffd4fd
Event: 72731.266 Thread 0x000000002192ea40 Exception <a 'java/lang/NullPointerException'{0x00000000eab05f18}> (0x00000000eab05f18) 
thrown [s\src\hotspot\share\runtime\sharedRuntime.cpp, line 628]
Event: 72731.266 Thread 0x000000002192ea40 Implicit null exception at 0x0000000005ffce76 to 0x0000000005ffd4fd
Event: 72731.266 Thread 0x000000002192ea40 Exception <a 'java/lang/NullPointerException'{0x00000000eab068f8}> (0x00000000eab068f8) 
thrown [s\src\hotspot\share\runtime\sharedRuntime.cpp, line 628]
Event: 72731.267 Thread 0x000000002192ea40 Implicit null exception at 0x0000000005ffce76 to 0x0000000005ffd4fd
Event: 72731.267 Thread 0x000000002192ea40 Exception <a 'java/lang/NullPointerException'{0x00000000eab097a0}> (0x00000000eab097a0) 
thrown [s\src\hotspot\share\runtime\sharedRuntime.cpp, line 628]
Event: 72731.273 Thread 0x000000002192ea40 Implicit null exception at 0x0000000005ffce76 to 0x0000000005ffd4fd
Event: 72731.274 Thread 0x000000002192ea40 Exception <a 'java/lang/NullPointerException'{0x00000000eabf0c00}> (0x00000000eabf0c00) 
thrown [s\src\hotspot\share\runtime\sharedRuntime.cpp, line 628]
Event: 72731.337 Thread 0x000000002192ea40 Implicit null exception at 0x0000000005ffce76 to 0x0000000005ffd4fd
Event: 72731.337 Thread 0x000000002192ea40 Exception <a 'java/lang/NullPointerException'{0x00000000eab53500}> (0x00000000eab53500) 
thrown [s\src\hotspot\share\runtime\sharedRuntime.cpp, line 628]
Event: 72731.337 Thread 0x000000002192ea40 Implicit null exception at 0x0000000005ffce76 to 0x0000000005ffd4fd
Event: 72731.337 Thread 0x000000002192ea40 Exception <a 'java/lang/NullPointerException'{0x00000000eab53d88}> (0x00000000eab53d88) 
thrown [s\src\hotspot\share\runtime\sharedRuntime.cpp, line 628]

VM Operations (20 events):
Event: 72611.273 Executing VM operation: Cleanup done
Event: 72730.881 Executing VM operation: ParallelGCFailedAllocation
Event: 72730.885 Executing VM operation: ParallelGCFailedAllocation done
Event: 72731.063 Executing VM operation: HandshakeAllThreads
Event: 72731.063 Executing VM operation: HandshakeAllThreads done
Event: 72731.077 Executing VM operation: ParallelGCFailedAllocation
Event: 72731.081 Executing VM operation: ParallelGCFailedAllocation done
Event: 72731.111 Executing VM operation: ParallelGCFailedAllocation
Event: 72731.121 Executing VM operation: ParallelGCFailedAllocation done
Event: 72731.171 Executing VM operation: ParallelGCFailedAllocation
Event: 72731.178 Executing VM operation: ParallelGCFailedAllocation done
Event: 72731.196 Executing VM operation: ParallelGCFailedAllocation
Event: 72731.208 Executing VM operation: ParallelGCFailedAllocation done
Event: 72731.224 Executing VM operation: ParallelGCFailedAllocation
Event: 72731.233 Executing VM operation: ParallelGCFailedAllocation done
Event: 72731.254 Executing VM operation: ParallelGCFailedAllocation
Event: 72731.264 Executing VM operation: ParallelGCFailedAllocation done
Event: 72731.275 Executing VM operation: ParallelGCFailedAllocation
Event: 72731.287 Executing VM operation: ParallelGCFailedAllocation done
Event: 72731.395 Executing VM operation: ParallelGCFailedAllocation

Events (20 events):
Event: 3677.545 loading class sun/net/ConnectionResetException done
Event: 3677.545 Thread 0x000000002192d230 Thread exited: 0x000000002192d230
Event: 3677.545 Thread 0x000000002192f3e0 Thread exited: 0x000000002192f3e0
Event: 3677.940 Thread 0x000000001f81de00 Thread added: 0x000000001f81de00
Event: 3677.940 Thread 0x000000001f81f610 Thread added: 0x000000001f81f610
Event: 3677.940 Thread 0x000000002192ba20 Thread added: 0x000000002192ba20
Event: 3677.940 Thread 0x000000001f81de00 Thread exited: 0x000000001f81de00
Event: 3677.940 Thread 0x000000001f81f610 Thread exited: 0x000000001f81f610
Event: 3677.940 Thread 0x000000002192ba20 Thread exited: 0x000000002192ba20
Event: 3677.964 Thread 0x000000002c95bad0 Thread added: 0x000000002c95bad0
Event: 3678.101 Thread 0x000000002c95bad0 Thread exited: 0x000000002c95bad0
Event: 3705.848 Thread 0x000000001f81c120 Thread exited: 0x000000001f81c120
Event: 3737.556 Thread 0x0000000021929870 Thread exited: 0x0000000021929870
Event: 3765.860 Thread 0x0000000018c3fa00 Thread exited: 0x0000000018c3fa00
Event: 3825.871 Thread 0x000000001f81cf90 Thread exited: 0x000000001f81cf90
Event: 3885.872 Thread 0x0000000018c41bb0 Thread exited: 0x0000000018c41bb0
Event: 72730.887 Thread 0x000000002c95cf10 Thread added: 0x000000002c95cf10
Event: 72731.022 Thread 0x000000002c95cf10 Thread exited: 0x000000002c95cf10
Event: 72731.159 Thread 0x000000002192ea40 Thread added: 0x000000002192ea40
Event: 72731.288 Thread 0x000000002c958d40 Thread added: 0x000000002c958d40


Dynamic libraries:
0x00007ff632d30000 - 0x00007ff632d3e000 	c:\Users\Kap\.vscode\extensions\redhat.java-1.14.0-win32-x64\jre\17.0.5-win32-x86_64\bin\java.exe
0x00007ffc43ad0000 - 0x00007ffc43cc8000 	C:\Windows\SYSTEM32\ntdll.dll
0x00007ffc42af0000 - 0x00007ffc42baf000 	C:\Windows\System32\KERNEL32.DLL
0x00007ffc412e0000 - 0x00007ffc415b2000 	C:\Windows\System32\KERNELBASE.dll
0x00007ffc41810000 - 0x00007ffc41910000 	C:\Windows\System32\ucrtbase.dll
0x00007ffc30520000 - 0x00007ffc30537000 	c:\Users\Kap\.vscode\extensions\redhat.java-1.14.0-win32-x64\jre\17.0.5-win32-x86_64\bin\jli.dll
0x00007ffc41fd0000 - 0x00007ffc42171000 	C:\Windows\System32\USER32.dll
0x00007ffc41ae0000 - 0x00007ffc41b02000 	C:\Windows\System32\win32u.dll
0x00007ffc42bb0000 - 0x00007ffc42bdb000 	C:\Windows\System32\GDI32.dll
0x00007ffc419a0000 - 0x00007ffc41aaf000 	C:\Windows\System32\gdi32full.dll
0x00007ffc41610000 - 0x00007ffc416ad000 	C:\Windows\System32\msvcp_win.dll
0x00007ffc30420000 - 0x00007ffc30439000 	c:\Users\Kap\.vscode\extensions\redhat.java-1.14.0-win32-x64\jre\17.0.5-win32-x86_64\bin\VCRUNTIME140.dll
0x00007ffc2ec50000 - 0x00007ffc2eeea000 	C:\Windows\WinSxS\amd64_microsoft.windows.common-controls_6595b64144ccf1df_6.0.19041.1110_none_60b5254171f9507e\COMCTL32.dll
0x00007ffc42660000 - 0x00007ffc426fe000 	C:\Windows\System32\msvcrt.dll
0x00007ffc41f90000 - 0x00007ffc41fc2000 	C:\Windows\System32\IMM32.DLL
0x00007ffc3b6b0000 - 0x00007ffc3b6bc000 	c:\Users\Kap\.vscode\extensions\redhat.java-1.14.0-win32-x64\jre\17.0.5-win32-x86_64\bin\vcruntime140_1.dll
0x00007ffc07d80000 - 0x00007ffc07e11000 	c:\Users\Kap\.vscode\extensions\redhat.java-1.14.0-win32-x64\jre\17.0.5-win32-x86_64\bin\msvcp140.dll
0x00007ffbf7400000 - 0x00007ffbf8044000 	c:\Users\Kap\.vscode\extensions\redhat.java-1.14.0-win32-x64\jre\17.0.5-win32-x86_64\bin\server\jvm.dll
0x00007ffc41bf0000 - 0x00007ffc41c9e000 	C:\Windows\System32\ADVAPI32.dll
0x00007ffc43240000 - 0x00007ffc432dc000 	C:\Windows\System32\sechost.dll
0x00007ffc41d50000 - 0x00007ffc41e75000 	C:\Windows\System32\RPCRT4.dll
0x00007ffc3b3d0000 - 0x00007ffc3b3d9000 	C:\Windows\SYSTEM32\WSOCK32.dll
0x00007ffc431d0000 - 0x00007ffc4323b000 	C:\Windows\System32\WS2_32.dll
0x00007ffc2aa60000 - 0x00007ffc2aa87000 	C:\Windows\SYSTEM32\WINMM.dll
0x00007ffc30bc0000 - 0x00007ffc30bca000 	C:\Windows\SYSTEM32\VERSION.dll
0x00007ffc3f080000 - 0x00007ffc3f092000 	C:\Windows\SYSTEM32\kernel.appcore.dll
0x00007ffc3a530000 - 0x00007ffc3a53a000 	c:\Users\Kap\.vscode\extensions\redhat.java-1.14.0-win32-x64\jre\17.0.5-win32-x86_64\bin\jimage.dll
0x00007ffc3e930000 - 0x00007ffc3eb14000 	C:\Windows\SYSTEM32\DBGHELP.DLL
0x00007ffc2afe0000 - 0x00007ffc2b015000 	C:\Windows\SYSTEM32\dbgcore.DLL
0x00007ffc41910000 - 0x00007ffc41992000 	C:\Windows\System32\bcryptPrimitives.dll
0x00007ffc377f0000 - 0x00007ffc377fe000 	c:\Users\Kap\.vscode\extensions\redhat.java-1.14.0-win32-x64\jre\17.0.5-win32-x86_64\bin\instrument.dll
0x00007ffc2fb10000 - 0x00007ffc2fb35000 	c:\Users\Kap\.vscode\extensions\redhat.java-1.14.0-win32-x64\jre\17.0.5-win32-x86_64\bin\java.dll
0x00007ffc2fa60000 - 0x00007ffc2fa78000 	c:\Users\Kap\.vscode\extensions\redhat.java-1.14.0-win32-x64\jre\17.0.5-win32-x86_64\bin\zip.dll
0x00007ffc43340000 - 0x00007ffc43a84000 	C:\Windows\System32\SHELL32.dll
0x00007ffc3f280000 - 0x00007ffc3fa12000 	C:\Windows\SYSTEM32\windows.storage.dll
0x00007ffc42300000 - 0x00007ffc42655000 	C:\Windows\System32\combase.dll
0x00007ffc40c20000 - 0x00007ffc40c50000 	C:\Windows\SYSTEM32\Wldp.dll
0x00007ffc42910000 - 0x00007ffc429bd000 	C:\Windows\System32\SHCORE.dll
0x00007ffc41f30000 - 0x00007ffc41f85000 	C:\Windows\System32\shlwapi.dll
0x00007ffc41100000 - 0x00007ffc4111f000 	C:\Windows\SYSTEM32\profapi.dll
0x00007ffc2f8d0000 - 0x00007ffc2f8e9000 	C:\Users\Kap\.vscode\extensions\redhat.java-1.14.0-win32-x64\jre\17.0.5-win32-x86_64\bin\net.dll
0x00007ffc390e0000 - 0x00007ffc391ec000 	C:\Windows\SYSTEM32\WINHTTP.dll
0x00007ffc40980000 - 0x00007ffc409ea000 	C:\Windows\system32\mswsock.dll
0x00007ffc2f0f0000 - 0x00007ffc2f105000 	C:\Users\Kap\.vscode\extensions\redhat.java-1.14.0-win32-x64\jre\17.0.5-win32-x86_64\bin\nio.dll
0x00007ffc36570000 - 0x00007ffc36580000 	c:\Users\Kap\.vscode\extensions\redhat.java-1.14.0-win32-x64\jre\17.0.5-win32-x86_64\bin\verify.dll
0x00007ffc2fb60000 - 0x00007ffc2fb9e000 	C:\Users\Kap\AppData\Roaming\Code\User\globalStorage\redhat.java\1.14.0\config_win\org.eclipse.equinox.launcher\org.eclipse.equinox.launcher.win32.win32.x86_64_1.2.700.v20221108-1024\eclipse_11801.dll
0x00007ffc429c0000 - 0x00007ffc42aea000 	C:\Windows\System32\ole32.dll
0x00007ffc40b70000 - 0x00007ffc40b88000 	C:\Windows\SYSTEM32\CRYPTSP.dll
0x00007ffc40230000 - 0x00007ffc40264000 	C:\Windows\system32\rsaenh.dll
0x00007ffc41ab0000 - 0x00007ffc41ad7000 	C:\Windows\System32\bcrypt.dll
0x00007ffc41080000 - 0x00007ffc410ae000 	C:\Windows\SYSTEM32\USERENV.dll
0x00007ffc40b90000 - 0x00007ffc40b9c000 	C:\Windows\SYSTEM32\CRYPTBASE.dll
0x00007ffc40620000 - 0x00007ffc4065b000 	C:\Windows\SYSTEM32\IPHLPAPI.DLL
0x00007ffc43050000 - 0x00007ffc43058000 	C:\Windows\System32\NSI.dll
0x00007ffc39600000 - 0x00007ffc39617000 	C:\Windows\SYSTEM32\dhcpcsvc6.DLL
0x00007ffc3a320000 - 0x00007ffc3a33d000 	C:\Windows\SYSTEM32\dhcpcsvc.DLL
0x00007ffc40670000 - 0x00007ffc4073a000 	C:\Windows\SYSTEM32\DNSAPI.dll
0x00007ffc2f9e0000 - 0x00007ffc2fa20000 	C:\Users\Kap\AppData\Local\Temp\jna-75194\jna14997033645115027908.dll
0x00007ffc41f20000 - 0x00007ffc41f28000 	C:\Windows\System32\PSAPI.DLL
0x00007ffc3bb30000 - 0x00007ffc3bb3e000 	C:\Users\Kap\.vscode\extensions\redhat.java-1.14.0-win32-x64\jre\17.0.5-win32-x86_64\bin\sunmscapi.dll
0x00007ffc416b0000 - 0x00007ffc41806000 	C:\Windows\System32\CRYPT32.dll
0x00007ffc40c90000 - 0x00007ffc40cb7000 	C:\Windows\SYSTEM32\ncrypt.dll
0x00007ffc40c50000 - 0x00007ffc40c8b000 	C:\Windows\SYSTEM32\NTASN1.dll
0x00007ffc35ed0000 - 0x00007ffc35eda000 	C:\Windows\System32\rasadhlp.dll
0x00007ffc34cc0000 - 0x00007ffc34d40000 	C:\Windows\System32\fwpuclnt.dll

dbghelp: loaded successfully - version: 4.0.5 - missing functions: none
symbol engine: initialized successfully - sym options: 0x614 - pdb path: .;c:\Users\Kap\.vscode\extensions\redhat.java-1.14.0-win32-x64\jre\17.0.5-win32-x86_64\bin;C:\Windows\SYSTEM32;C:\Windows\WinSxS\amd64_microsoft.windows.common-controls_6595b64144ccf1df_6.0.19041.1110_none_60b5254171f9507e;c:\Users\Kap\.vscode\extensions\redhat.java-1.14.0-win32-x64\jre\17.0.5-win32-x86_64\bin\server;C:\Users\Kap\AppData\Roaming\Code\User\globalStorage\redhat.java\1.14.0\config_win\org.eclipse.equinox.launcher\org.eclipse.equinox.launcher.win32.win32.x86_64_1.2.700.v20221108-1024;C:\Users\Kap\AppData\Local\Temp\jna-75194

VM Arguments:
jvm_args: --add-modules=ALL-SYSTEM --add-opens=java.base/java.util=ALL-UNNAMED --add-opens=java.base/java.lang=ALL-UNNAMED --add-opens=java.base/sun.nio.fs=ALL-UNNAMED -Declipse.application=org.eclipse.jdt.ls.core.id1 -Dosgi.bundles.defaultStartLevel=4 -Declipse.product=org.eclipse.jdt.ls.core.product -Djava.import.generatesMetadataFilesAtProjectRoot=false -Dfile.encoding=utf8 -XX:+UseParallelGC -XX:GCTimeRatio=4 -XX:AdaptiveSizePolicyWeight=90 -Dsun.zip.disableMemoryMapping=true -Xmx1G -Xms100m -Xlog:disable -javaagent:c:\Users\Kap\.vscode\extensions\redhat.java-1.14.0-win32-x64\lombok\lombok-1.18.24.jar -XX:+HeapDumpOnOutOfMemoryError -XX:HeapDumpPath=c:\Users\Kap\AppData\Roaming\Code\User\workspaceStorage\d95f60e5c25430f075c098fb07d626bd\redhat.java 
java_command: c:\Users\Kap\.vscode\extensions\redhat.java-1.14.0-win32-x64\server\plugins\org.eclipse.equinox.launcher_1.6.400.v20210924-0641.jar -configuration c:\Users\Kap\AppData\Roaming\Code\User\globalStorage\redhat.java\1.14.0\config_win -data c:\Users\Kap\AppData\Roaming\Code\User\workspaceStorage\d95f60e5c25430f075c098fb07d626bd\redhat.java\jdt_ws
java_class_path (initial): c:\Users\Kap\.vscode\extensions\redhat.java-1.14.0-win32-x64\server\plugins\org.eclipse.equinox.launcher_1.6.400.v20210924-0641.jar
Launcher Type: SUN_STANDARD

[Global flags]
    uintx AdaptiveSizePolicyWeight                 = 90                                        {product} {command line}
     intx CICompilerCount                          = 3                                         {product} {ergonomic}
    uintx GCTimeRatio                              = 4                                         {product} {command line}
     bool HeapDumpOnOutOfMemoryError               = true                                   {manageable} {command line}
    ccstr HeapDumpPath                             = c:\Users\Kap\AppData\Roaming\Code\User\workspaceStorage\d95f60e5c25430f075c098fb07d626bd\redhat.java         {manageable} {command line}
   size_t InitialHeapSize                          = 104857600                                 {product} {command line}
   size_t MaxHeapSize                              = 1073741824                                {product} {command line}
   size_t MaxNewSize                               = 357564416                                 {product} {ergonomic}
   size_t MinHeapDeltaBytes                        = 524288                                    {product} {ergonomic}
   size_t MinHeapSize                              = 104857600                                 {product} {command line}
   size_t NewSize                                  = 34603008                                  {product} {ergonomic}
    uintx NonNMethodCodeHeapSize                   = 5832780                                {pd product} {ergonomic}
    uintx NonProfiledCodeHeapSize                  = 122912730                              {pd product} {ergonomic}
   size_t OldSize                                  = 70254592                                  {product} {ergonomic}
    uintx ProfiledCodeHeapSize                     = 122912730                              {pd product} {ergonomic}
    uintx ReservedCodeCacheSize                    = 251658240                              {pd product} {ergonomic}
     bool SegmentedCodeCache                       = true                                      {product} {ergonomic}
   size_t SoftMaxHeapSize                          = 1073741824                             {manageable} {ergonomic}
     bool UseCompressedClassPointers               = true                           {product lp64_product} {ergonomic}
     bool UseCompressedOops                        = true                           {product lp64_product} {ergonomic}
     bool UseLargePagesIndividualAllocation        = false                                  {pd product} {ergonomic}
     bool UseParallelGC                            = true                                      {product} {command line}

Logging:
Log output configuration:
 #0: stdout all=off uptime,level,tags
 #1: stderr all=off uptime,level,tags

Environment Variables:
PATH=C:\Program Files\Eclipse Adoptium\jdk-17.0.6.10-hotspot\bin;C:\Program Files (x86)\Common Files\Oracle\Java\javapath;C:\Program Files (x86)\Intel\iCLS Client\;C:\Program Files\Intel\iCLS Client\;C:\Windows\system32;C:\Windows;C:\Windows\System32\Wbem;C:\Windows\System32\WindowsPowerShell\v1.0\;C:\Windows\System32\OpenSSH\;C:\Program Files (x86)\Intel\Intel(R) Management Engine Components\DAL;C:\Program Files\Intel\Intel(R) Management Engine Components\DAL;C:\Program Files (x86)\Intel\Intel(R) Management Engine Components\IPT;C:\Program Files\Intel\Intel(R) Management Engine Components\IPT;C:\Program Files (x86)\Bitvise SSH Client;C:\Program Files\nodejs\;C:\apache-maven-3.8.7\\bin;C:\Users\Kap\AppData\Local\Microsoft\WindowsApps;C:\Users\Kap\AppData\Local\Programs\Microsoft VS Code\bin;C:\Users\Kap\AppData\Local\GitHubDesktop\bin;C:\Users\Kap\AppData\Roaming\npm
USERNAME=Kap
OS=Windows_NT
PROCESSOR_IDENTIFIER=Intel64 Family 6 Model 69 Stepping 1, GenuineIntel
TMP=C:\Users\Kap\AppData\Local\Temp
TEMP=C:\Users\Kap\AppData\Local\Temp



---------------  S Y S T E M  ---------------

OS:
 Windows 10 , 64 bit Build 19041 (10.0.19041.2364)
OS uptime: 0 days 21:16 hours

CPU: total 4 (initial active 4) (2 cores per cpu, 2 threads per core) family 6 model 69 stepping 1 microcode 0x25, cx8, cmov, fxsr, ht, mmx, sse, sse2, sse3, ssse3, sse4.1, sse4.2, popcnt, lzcnt, tsc, tscinvbit, avx, avx2, aes, erms, clmul, bmi1, bmi2, fma, vzeroupper, clflush

Memory: 4k page, system-wide physical 7627M (562M free)
TotalPageFile size 9227M (AvailPageFile size 1558M)
current process WorkingSet (physical memory assigned to process): 659M, peak: 753M
current process commit charge ("private bytes"): 555M, peak: 698M

vm_info: OpenJDK 64-Bit Server VM (17.0.5+8) for windows-amd64 JRE (17.0.5+8), built on Oct 19 2022 04:48:13 by "temurin" with MS VC++ 16.7 (VS2019)

END.
